<?xml version="1.0" encoding="UTF-8"?>
<!-- Generated by org.testng.reporters.JUnitXMLReporter -->
<testsuite ignored="2" hostname="118716-001L-IND" failures="0" tests="1" name="Surefire test" time="23.536" errors="0" timestamp="2025-03-06T17:09:30 WIB">
  <testcase classname="automation.ScenarioTestNG" name="chooseProduct" time="10.753"/>
  <testcase classname="automation.ScenarioTestNG" name="checkOut" time="0.0">
    <ignored/>
  </testcase> <!-- checkOut -->
  <testcase classname="automation.ScenarioTestNG" name="login" time="0.0">
    <ignored/>
  </testcase> <!-- login -->
</testsuite> <!-- Surefire test -->
