<?xml version="1.0" encoding="UTF-8"?>
<testng-results ignored="0" total="1" passed="1" failed="0" skipped="0">
  <reporter-output>
  </reporter-output>
  <suite started-at="2025-03-11T17:49:42 WIB" name="Annotation Execution Suite" finished-at="2025-03-11T17:49:49 WIB" duration-ms="7122">
    <groups>
    </groups>
    <test started-at="2025-03-11T17:49:42 WIB" name="MyTestGroup" finished-at="2025-03-11T17:49:49 WIB" duration-ms="7122">
      <class name="automation.ScenarioTestngImpl">
        <test-method is-config="true" signature="setUp()[pri:0, instance:automation.ScenarioTestngImpl@77888435]" started-at="2025-03-11T17:49:42 WIB" name="setUp" finished-at="2025-03-11T17:49:47 WIB" duration-ms="4368" status="PASS">
          <reporter-output>
          </reporter-output>
        </test-method> <!-- setUp -->
        <test-method signature="checkout(java.util.HashMap)[pri:0, instance:automation.ScenarioTestngImpl@77888435]" started-at="2025-03-11T17:49:47 WIB" name="checkout" data-provider="dataTestMapping" finished-at="2025-03-11T17:49:49 WIB" duration-ms="2047" status="PASS">
          <params>
            <param index="0">
              <value>
                <![CDATA[{postcode=13215, password=secret_sauce, product=Sauce Labs Backpack, username=standard_user}]]>
              </value>
            </param>
          </params>
          <reporter-output>
          </reporter-output>
        </test-method> <!-- checkout -->
        <test-method is-config="true" signature="tearDown()[pri:0, instance:automation.ScenarioTestngImpl@77888435]" started-at="2025-03-11T17:49:49 WIB" name="tearDown" finished-at="2025-03-11T17:49:49 WIB" duration-ms="617" status="PASS">
          <reporter-output>
          </reporter-output>
        </test-method> <!-- tearDown -->
      </class> <!-- automation.ScenarioTestngImpl -->
    </test> <!-- MyTestGroup -->
  </suite> <!-- Annotation Execution Suite -->
</testng-results>
