<?xml version="1.0" encoding="UTF-8"?>
<testng-results ignored="2" total="3" passed="1" failed="0" skipped="0">
  <reporter-output>
  </reporter-output>
  <suite started-at="2025-03-06T17:09:06 WIB" name="Surefire suite" finished-at="2025-03-06T17:09:29 WIB" duration-ms="23536">
    <groups>
    </groups>
    <test started-at="2025-03-06T17:09:06 WIB" name="Surefire test" finished-at="2025-03-06T17:09:29 WIB" duration-ms="23536">
      <class name="automation.ScenarioTestNG">
        <test-method is-config="true" signature="initialization()[pri:0, instance:automation.ScenarioTestNG@30ee2816]" started-at="2025-03-06T17:09:06 WIB" name="initialization" finished-at="2025-03-06T17:09:18 WIB" duration-ms="12678" status="PASS">
          <reporter-output>
          </reporter-output>
        </test-method> <!-- initialization -->
        <test-method signature="chooseProduct()[pri:0, instance:automation.ScenarioTestNG@30ee2816]" started-at="2025-03-06T17:09:19 WIB" name="chooseProduct" finished-at="2025-03-06T17:09:29 WIB" duration-ms="10753" status="PASS">
          <reporter-output>
          </reporter-output>
        </test-method> <!-- chooseProduct -->
      </class> <!-- automation.ScenarioTestNG -->
    </test> <!-- Surefire test -->
  </suite> <!-- Surefire suite -->
</testng-results>
