<?xml version="1.0" encoding="UTF-8"?>
<!-- Generated by org.testng.reporters.JUnitReportReporter -->
<testsuite hostname="118716-001L-IND" failures="0" tests="4" name="runners.TestRunnerTestNG" time="19.594" errors="0" timestamp="2025-03-18T22:59:35 WIB" skipped="0">
  <testcase classname="runners.TestRunnerTestNG" name="runScenario" time="3.621"/>
  <testcase classname="runners.TestRunnerTestNG" name="runScenario" time="4.521"/>
  <testcase classname="runners.TestRunnerTestNG" name="runScenario" time="3.680"/>
  <testcase classname="runners.TestRunnerTestNG" name="runScenario" time="7.772"/>
</testsuite> <!-- runners.TestRunnerTestNG -->
