<?xml version="1.0" encoding="UTF-8"?>
<!-- Generated by org.testng.reporters.JUnitReportReporter -->
<testsuite hostname="118716-001L-IND" failures="0" tests="4" name="runners.TestRunnerTestNG" time="31.694" errors="0" timestamp="2025-03-19T13:37:50 WIB" skipped="0">
  <testcase classname="runners.TestRunnerTestNG" name="runScenario" time="5.898"/>
  <testcase classname="runners.TestRunnerTestNG" name="runScenario" time="6.161"/>
  <testcase classname="runners.TestRunnerTestNG" name="runScenario" time="6.732"/>
  <testcase classname="runners.TestRunnerTestNG" name="runScenario" time="12.903"/>
</testsuite> <!-- runners.TestRunnerTestNG -->
